<?xml version="1.0" encoding="UTF-8"?>
<!-- Generated by org.testng.reporters.JUnitReportReporter -->
<testsuite hostname="DESKTOP-08I6NIA" failures="0" tests="4" name="test.Sample_Maven_Project.SampleTest" time="0.010" errors="0" timestamp="2022-02-02T15:26:11 IST" skipped="0">
  <testcase classname="test.Sample_Maven_Project.SampleTest" name="eating" time="0.000"/>
  <system-out/>
  <testcase classname="test.Sample_Maven_Project.SampleTest" name="running" time="0.001"/>
  <system-out/>
  <testcase classname="test.Sample_Maven_Project.SampleTest" name="demo" time="0.007"/>
  <system-out/>
  <testcase classname="test.Sample_Maven_Project.SampleTest" name="watching" time="0.002"/>
  <system-out/>
</testsuite> <!-- test.Sample_Maven_Project.SampleTest -->
