<?xml version="1.0" encoding="UTF-8"?>
<!-- Generated by org.testng.reporters.JUnitReportReporter -->
<testsuite hostname="DESKTOP-08I6NIA" failures="0" tests="1" name="test.Sample_Maven_Project.DemoTest" time="0.013" errors="0" timestamp="2022-02-02T15:58:02 IST" skipped="0">
  <testcase classname="test.Sample_Maven_Project.DemoTest" name="demo" time="0.013"/>
  <system-out/>
</testsuite> <!-- test.Sample_Maven_Project.DemoTest -->
