<?xml version="1.0" encoding="UTF-8"?>
<!-- Generated by org.testng.reporters.JUnitReportReporter -->
<testsuite hostname="DESKTOP-08I6NIA" failures="0" tests="1" name="test.Sample_Maven_Project.AppTest" time="0.008" errors="0" timestamp="2022-02-02T15:26:11 IST" skipped="0">
  <testcase classname="test.Sample_Maven_Project.AppTest" name="shouldAnswerWithTrue" time="0.008"/>
  <system-out/>
</testsuite> <!-- test.Sample_Maven_Project.AppTest -->
