<?xml version="1.0" encoding="UTF-8"?>
<!-- Generated by org.testng.reporters.JUnitReportReporter -->
<testsuite hostname="DESKTOP-08I6NIA" failures="0" tests="1" name="test.Sample_Maven_Project.AppTest" time="0.005" errors="0" timestamp="2022-02-02T16:08:36 IST" skipped="0">
  <testcase classname="test.Sample_Maven_Project.AppTest" name="shouldAnswerWithTrue" time="0.005"/>
  <system-out/>
</testsuite> <!-- test.Sample_Maven_Project.AppTest -->
